node   1  (   0,    0) (   4,    3) (   5,    4) (   3,    3) (   1,    1) (   1,    3) (   1,    1) (   1,    1) (   1,    0) (   1,    1)
          (   1,    0) (   1,    1) (   1,    3) (   1,    0) (   1,    1) (   1,    2) (   1,    0) (   1,    0) (   1,    1) (   1,    1)
          (   1,    1) (   1,    2) (   1,    0) (   1,    0) (   1,    1) (   1,    1) (   1,    1) (   1,    1) (   1,    1) (   1,    0)
          (   1,    2) (   1,    3) (   1,    1) (   1,    1) (   1,    1) (   1,    0) (   1,    0) (   1,    0) (   1,    0) (   1,    2)
          (   1,    3) (   1,    2) (   1,    2) (   1,    2) (   1,    2) (   1,    2) (   1,    0) (   1,    1) (   1,    2) (   1,    1)
          (   1,    2) (   1,    2) (   1,    2) (   1,    1) (   1,    2) (   1,    1) (   1,    1) (   1,    0) (   1,    0) (   1,    2)
          (   1,    0) (   1,    1) (   1,    1) (   1,    0) (   1,    0) (   1,    2) (   1,    0) (   1,    1) (   1,    1) (   1,    0)
          (   1,    2) (   1,    2) (   1,    0) (   1,    1) (   1,    2) (   1,    2) (   1,    0) (   1,    0) (   1,    1) (   1,    1)
          (   1,    2) (   1,    1) (   1,    0) (   1,    1) (   1,    0) (   1,    2) (   1,    0) (   1,    4) (   1,    0) (   1,    1)
          (   1,    1) (   1,    1) (   1,    2) (   1,    0) (   1,    0) (   1,    1) (   1,    0) (   1,    2) (   1,    1) (   1,    0)
          (   1,    3) (   1,    0) (   1,    1) (   1,    3) (   1,    1) (   1,    1) (   1,    1) (   1,    0) (   1,    2) (   1,    1)
          (   1,    2) (   1,    0) (   1,    0) (   1,    2) (   1,    0) (   1,    1) (   1,    0) (   1,    1) (   1,    1) (   1,    0)
          (   1,    0) (   1,    0) (   1,    0) (   1,    0) (   1,    0) (   1,    1) (   1,    0) (   1,    0) (   1,    1) (   1,    0)
          (   1,    3) (   1,    1) (   1,    1) (   1,    1) (   1,    2) (   1,    3) (   1,    0) (   1,    0) (   1,    2) (   1,    0)
          (   1,    3) (   1,    1) (   1,    0) (   1,    1) (   1,    0) (   1,    1) (   1,    1) (   1,    0) (   1,    0) (   1,    1)
          (   1,    0) (   1,    0) (   1,    1) (   1,    0) (   1,    2) (   1,    1) (   1,    2) (   1,    2) (   1,    0) (   1,    0)
          (   1,    2) (   1,    1) (   1,    0) (   1,    0) (   1,    1) (   1,    1) (   1,    1) (   1,    0) (   1,    1) (   1,    0)
          (   1,    0) (   1,    2) (   1,    0) (   1,    0) (   1,    2) (   1,    2) (   1,    0) (   1,    1) (   1,    0) (   1,    0)
          (   1,    1) (   1,    1) (   1,    0) (   1,    1) (   1,    0) (   1,    1) (   1,    2) (   1,    0) (   1,    1) (   1,    1)
          (   1,    0) (   1,    1) (   1,    1) (   1,    2) (   1,    1) (   1,    1) (   1,    0) (   1,    2) (   1,    3) (   1,    2)
          (   1,    2) (   1,    0) (   1,    3) (   1,    1) (   1,    2) (   1,    2) (   1,    1) (   1,    2) (   1,    0) (   1,    0)
          (   1,    1) (   1,    0) (   1,    0) (   1,    0) (   1,    0) (   1,    0) (   1,    0) (   1,    0) (   1,    2) (   1,    1)
          (   1,    1) (   1,    1) (   1,    0) (   1,    3) (   1,    1) (   1,    1) (   1,    1) (   1,    2) (   1,    4) (   1,    0)
          (   1,    0) (   1,    0) (   1,    2) (   1,    1) (   1,    2) (   1,    1) (   1,    1) (   1,    0) (   1,    0) (   1,    1)
          (   1,    2) (   1,    1) (   1,    0) (   1,    0) (   1,    1) (   1,    1) (   1,    0) (   1,    1) (   1,    1) (   1,    0)
          (   1,    1) (   1,    0) (   1,    1) (   1,    2) (   1,    1) (   1,    3) (   1,    0) (   1,    0) (   1,    1) (   1,    0)
          (   1,    1) (   1,    1) (   1,    2) (   1,    1) (   1,    1) (   1,    1) (   1,    1) (   1,    0) (   1,    1) (   1,    1)
          (   1,    1) (   1,    0) (   1,    3) (   1,    0) (   1,    2) (   1,    1) (   1,    1) (   1,    0) (   1,    0) (   1,    1)
          (   1,    0) (   1,    0) (   1,    0) (   1,    0) (   1,    3) (   1,    1) (   1,    1) (   1,    0) (   1,    0) (   1,    1)
          (   1,    0) (   1,    1) (   1,    4) (   1,    2) (   1,    1) (   1,    0) (   1,    1) (   1,    2) (   1,    2) (   1,    1)
          (   1,    0) (   1,    0) (   1,    0) (   1,    0) (   1,    0) (   1,    1) (   1,    1) (   1,    0) (   1,    2) (   1,    1)
          (   1,    2) (   1,    1) (   1,    2) (   1,    0) (   1,    0) (   1,    2) (   1,    2) (   1,    0) (   1,    0) (   1,    2)
          (   1,    0) (   1,    1) (   1,    2) (   1,    1) (   1,    1) (   1,    1) (   1,    0) (   1,    2) (   1,    0) (   1,    2)
          (   1,    0) (   1,    0) (   1,    0) (   1,    1) (   1,    1) (   1,    2) (   1,    1) (   1,    0) (   1,    0) (   1,    1)
          (   1,    2) (   1,    3) (   1,    1) (   1,    0) (   1,    1) (   1,    0) (   1,    0) (   1,    0) (   1,    2) (   1,    0)
          (   1,    1) (   1,    1) (   1,    1) (   1,    0) (   1,    2) (   1,    1) (   1,    0) (   1,    1) (   1,    0) (   1,    2)
          (   1,    0) (   1,    0) (   1,    2) (   1,    1) (   1,    1) (   1,    1) (   1,    1) (   1,    2) (   1,    1) (   1,    1)
          (   1,    0) (   1,    0) (   1,    1) (   1,    0) (   1,    1) (   1,    2) (   1,    1) (   1,    0) (   1,    0) (   1,    0)
          (   1,    3) (   1,    1) (   1,    1) (   1,    1) (   1,    0) (   1,    2) (   1,    1) (   1,    1) (   1,    0) (   1,    1)
          (   1,    2) (   1,    1) (   1,    2) (   1,    0) (   1,    0) (   1,    1) (   1,    0) (   1,    0) (   1,    1) (   1,    1)
          (   1,    2) (   1,    0) (   1,    2) (   1,    2) (   1,    0) (   1,    1) (   1,    1) (   1,    1) (   1,    1) (   1,    1)
          (   1,    1) (   1,    0) (   1,    0) (   1,    1) (   1,    1) (   1,    2) (   1,    0) (   1,    0) (   1,    0) (   1,    1)
          (   1,    2) (   1,    1) (   1,    0) (   1,    0) (   1,    1) (   1,    1) (   1,    1) (   1,    3) (   1,    1) (   1,    1)
          (   1,    1) (   1,    1) (   1,    0) (   1,    1) (   1,    1) (   1,    1) (   1,    2) (   1,    0) (   1,    1) (   1,    1)
          (   1,    1) (   1,    2) (   1,    0) (   1,    2) (   1,    1) (   1,    0) (   1,    2) (   1,    0) (   1,    1) (   1,    0)
          (   1,    4) (   1,    0) (   1,    2) (   1,    1) (   1,    1) (   1,    2) (   1,    0) (   1,    1) (   1,    1) (   1,    3)
          (   1,    1) (   1,    0) (   1,    1) (   1,    2) (   1,    0) (   1,    0) (   1,    1) (   1,    1) (   1,    1) (   1,    0)
          (   1,    1) (   1,    0) (   1,    2) (   1,    2) (   1,    1) (   1,    0) (   1,    0) (   1,    0) (   1,    0) (   1,    0)
          (   1,    2) (   1,    1) (   1,    1) (   1,    1) (   1,    1) (   1,    2) (   1,    1) (   1,    1) (   1,    2) (   1,    0)
          (   1,    0) (   1,    2) (   1,    0) (   1,    1) (   1,    1) (   1,    0) (   1,    1) (   1,    1) (   1,    1) (   1,    1)
         
node   1 sent_total    508  recv_total    468

node   2  (   1,    0) (   0,    0) (   1,    1) (   1,    0) (   1,    2) (   1,    2) (   1,    4) (   1,    1) (   1,    1) (   1,    1)
          (   1,    3) (   1,    1) (   1,    1) (   1,    3) (   1,    0) (   1,    2) (   1,    0) (   1,    0) (   1,    0) (   1,    3)
          (   1,    1) (   1,    1) (   1,    0) (   1,    1) (   1,    0) (   1,    0) (   1,    1) (   1,    0) (   1,    2) (   1,    1)
          (   1,    2) (   1,    1) (   1,    2) (   1,    1) (   1,    1) (   1,    2) (   1,    1) (   1,    3) (   1,    2) (   1,    1)
          (   1,    0) (   1,    0) (   1,    1) (   1,    0) (   1,    0) (   1,    0) (   1,    2) (   1,    0) (   1,    0) (   1,    0)
          (   1,    2) (   1,    1) (   1,    1) (   1,    2) (   1,    1) (   1,    1) (   1,    0) (   1,    0) (   1,    2) (   1,    1)
          (   1,    1) (   1,    0) (   1,    1) (   1,    0) (   1,    2) (   1,    1) (   1,    1) (   1,    2) (   1,    0) (   1,    2)
          (   1,    0) (   1,    0) (   1,    1) (   1,    2) (   1,    1) (   1,    0) (   1,    0) (   1,    1) (   1,    1) (   1,    1)
          (   1,    0) (   1,    1) (   1,    2) (   1,    1) (   1,    2) (   1,    0) (   1,    0) (   1,    1) (   1,    0) (   1,    0)
          (   1,    1) (   1,    0) (   1,    1) (   1,    0) (   1,    3) (   1,    1) (   1,    2) (   1,    2) (   1,    1) (   1,    0)
          (   1,    1) (   1,    3) (   1,    1) (   1,    1) (   1,    1) (   1,    0) (   1,    1) (   1,    0) (   1,    0) (   1,    2)
          (   1,    1) (   1,    1) (   1,    0) (   1,    0) (   1,    3) (   1,    1) (   1,    1) (   1,    2) (   1,    1) (   1,    0)
          (   1,    1) (   1,    1) (   1,    3) (   1,    2) (   1,    2) (   1,    0) (   1,    0) (   1,    2) (   1,    2) (   1,    2)
          (   1,    1) (   1,    1) (   1,    1) (   1,    2) (   1,    0) (   1,    1) (   1,    0) (   1,    1) (   1,    1) (   1,    1)
          (   1,    0) (   1,    1) (   1,    2) (   1,    0) (   1,    3) (   1,    1) (   1,    0) (   1,    0) (   1,    0) (   1,    1)
          (   1,    2) (   1,    0) (   1,    3) (   1,    1) (   1,    4) (   1,    0) (   1,    2) (   1,    0) (   1,    0) (   1,    2)
          (   1,    1) (   1,    1) (   1,    1) (   1,    0) (   1,    0) (   1,    0) (   1,    1) (   1,    1) (   1,    1) (   1,    2)
          (   1,    0) (   1,    2) (   1,    0) (   1,    0) (   1,    0) (   1,    1) (   1,    4) (   1,    1) (   1,    0) (   1,    2)
          (   1,    0) (   1,    3) (   1,    3) (   1,    2) (   1,    1) (   1,    0) (   1,    1) (   1,    1) (   1,    0) (   1,    0)
          (   1,    0) (   1,    0) (   1,    2) (   1,    1) (   1,    1) (   1,    1) (   1,    1) (   1,    2) (   1,    0) (   1,    2)
          (   1,    0) (   1,    2) (   1,    0) (   1,    0) (   1,    2) (   1,    1) (   1,    0) (   1,    1) (   1,    1) (   1,    1)
          (   1,    1) (   1,    1) (   1,    1) (   1,    1) (   1,    0) (   1,    2) (   1,    2) (   1,    2) (   1,    0) (   1,    0)
          (   1,    0) (   1,    1) (   1,    2) (   1,    0) (   1,    2) (   1,    0) (   1,    2) (   1,    1) (   1,    1) (   1,    0)
          (   1,    2) (   1,    0) (   1,    1) (   1,    0) (   1,    2) (   1,    1) (   1,    1) (   1,    0) (   1,    2) (   1,    2)
          (   1,    0) (   1,    2) (   1,    1) (   1,    2) (   1,    2) (   1,    0) (   1,    1) (   1,    2) (   1,    1) (   1,    1)
          (   1,    1) (   1,    1) (   1,    1) (   1,    1) (   1,    1) (   1,    1) (   1,    4) (   1,    0) (   1,    1) (   1,    3)
          (   1,    0) (   1,    2) (   1,    1) (   1,    1) (   1,    1) (   1,    0) (   1,    1) (   1,    0) (   1,    0) (   1,    3)
          (   1,    3) (   1,    1) (   1,    0) (   1,    2) (   1,    1) (   1,    2) (   1,    2) (   1,    1) (   1,    0) (   1,    2)
          (   1,    2) (   1,    4) (   1,    3) (   1,    2) (   1,    1) (   1,    1) (   1,    0) (   1,    2) (   1,    4) (   1,    1)
          (   1,    1) (   1,    0) (   1,    1) (   1,    1) (   1,    1) (   1,    0) (   1,    1) (   1,    0) (   1,    1) (   1,    2)
          (   1,    1) (   1,    0) (   1,    1) (   1,    1) (   1,    1) (   1,    1) (   1,    3) (   1,    1) (   1,    0) (   1,    0)
          (   1,    0) (   1,    1) (   1,    1) (   1,    0) (   1,    0) (   1,    1) (   1,    0) (   1,    1) (   1,    0) (   1,    2)
          (   1,    2) (   1,    0) (   1,    1) (   1,    2) (   1,    1) (   1,    2) (   1,    0) (   1,    1) (   1,    0) (   1,    1)
          (   1,    2) (   1,    1) (   1,    1) (   1,    1) (   1,    1) (   1,    1) (   1,    1) (   1,    0) (   1,    0) (   1,    1)
          (   1,    0) (   1,    0) (   1,    2) (   1,    0) (   1,    2) (   1,    2) (   1,    0) (   1,    1) (   1,    1) (   1,    0)
          (   1,    0) (   1,    4) (   1,    2) (   1,    1) (   1,    2) (   1,    2) (   1,    1) (   1,    0) (   1,    1) (   1,    0)
          (   1,    1) (   1,    0) (   1,    0) (   1,    1) (   1,    0) (   1,    0) (   1,    2) (   1,    1) (   1,    1) (   1,    2)
          (   1,    1) (   1,    0) (   1,    1) (   1,    2) (   1,    1) (   1,    0) (   1,    0) (   1,    0) (   1,    2) (   1,    1)
          (   1,    3) (   1,    2) (   1,    1) (   1,    0) (   1,    1) (   1,    0) (   1,    1) (   1,    0) (   1,    1) (   1,    0)
          (   1,    1) (   1,    0) (   1,    1) (   1,    0) (   1,    0) (   1,    0) (   1,    1) (   1,    0) (   1,    0) (   1,    2)
          (   1,    1) (   1,    2) (   1,    0) (   1,    1) (   1,    2) (   1,    0) (   1,    0) (   1,    1) (   1,    0) (   1,    2)
          (   1,    1) (   1,    0) (   1,    1) (   1,    0) (   1,    0) (   1,    1) (   1,    2) (   1,    2) (   1,    0) (   1,    2)
          (   1,    1) (   1,    0) (   1,    1) (   1,    2) (   1,    0) (   1,    0) (   1,    1) (   1,    0) (   1,    1) (   1,    1)
          (   1,    0) (   1,    1) (   1,    2) (   1,    1) (   1,    1) (   1,    2) (   1,    2) (   1,    2) (   1,    1) (   1,    1)
          (   1,    1) (   1,    1) (   1,    2) (   1,    2) (   1,    0) (   1,    2) (   1,    1) (   1,    2) (   1,    1) (   1,    1)
          (   1,    1) (   1,    1) (   1,    0) (   1,    0) (   1,    2) (   1,    0) (   1,    2) (   1,    1) (   1,    0) (   1,    1)
          (   1,    0) (   1,    2) (   1,    0) (   1,    1) (   1,    0) (   1,    1) (   1,    2) (   1,    1) (   1,    1) (   1,    2)
          (   1,    2) (   1,    3) (   1,    1) (   1,    0) (   1,    1) (   1,    1) (   1,    1) (   1,    2) (   1,    2) (   1,    0)
          (   1,    0) (   1,    0) (   1,    2) (   1,    1) (   1,    1) (   1,    1) (   1,    1) (   1,    2) (   1,    0) (   1,    0)
          (   1,    2) (   1,    0) (   1,    1) (   1,    1) (   1,    1) (   1,    0) (   1,    1) (   1,    2) (   1,    1) (   1,    1)
         
node   2 sent_total    499  recv_total    502

node   3  (   1,    0) (   0,    0) (   1,    1) (   1,    1) (   1,    0) (   1,    1) (   1,    0) (   1,    1) (   1,    4) (   1,    1)
          (   1,    1) (   1,    1) (   1,    2) (   1,    0) (   1,    1) (   1,    0) (   1,    2) (   1,    3) (   1,    0) (   1,    0)
          (   1,    0) (   1,    0) (   1,    2) (   1,    3) (   1,    0) (   1,    4) (   1,    1) (   1,    0) (   1,    1) (   1,    1)
          (   1,    1) (   1,    1) (   1,    1) (   1,    2) (   1,    0) (   1,    2) (   1,    1) (   1,    2) (   1,    1) (   1,    0)
          (   1,    1) (   1,    4) (   1,    1) (   1,    0) (   1,    1) (   1,    3) (   1,    1) (   1,    2) (   1,    1) (   1,    1)
          (   1,    1) (   1,    1) (   1,    1) (   1,    0) (   1,    1) (   1,    0) (   1,    0) (   1,    1) (   1,    0) (   1,    0)
          (   1,    1) (   1,    1) (   1,    0) (   1,    1) (   1,    2) (   1,    2) (   1,    0) (   1,    1) (   1,    2) (   1,    2)
          (   1,    0) (   1,    2) (   1,    1) (   1,    0) (   1,    0) (   1,    0) (   1,    1) (   1,    1) (   1,    1) (   1,    1)
          (   1,    0) (   1,    1) (   1,    1) (   1,    0) (   1,    0) (   1,    0) (   1,    2) (   1,    0) (   1,    0) (   1,    0)
          (   1,    1) (   1,    2) (   1,    2) (   1,    1) (   1,    1) (   1,    0) (   1,    2) (   1,    0) (   1,    1) (   1,    0)
          (   1,    2) (   1,    1) (   1,    1) (   1,    1) (   1,    1) (   1,    0) (   1,    1) (   1,    2) (   1,    1) (   1,    0)
          (   1,    2) (   1,    0) (   1,    0) (   1,    1) (   1,    1) (   1,    0) (   1,    3) (   1,    2) (   1,    1) (   1,    1)
          (   1,    1) (   1,    0) (   1,    1) (   1,    0) (   1,    0) (   1,    2) (   1,    3) (   1,    0) (   1,    1) (   1,    1)
          (   1,    2) (   1,    2) (   1,    0) (   1,    1) (   1,    1) (   1,    0) (   1,    3) (   1,    1) (   1,    0) (   1,    3)
          (   1,    0) (   1,    0) (   1,    0) (   1,    1) (   1,    1) (   1,    0) (   1,    1) (   1,    1) (   1,    1) (   1,    0)
          (   1,    2) (   1,    1) (   1,    1) (   1,    0) (   1,    0) (   1,    0) (   1,    1) (   1,    1) (   1,    1) (   1,    1)
          (   1,    0) (   1,    3) (   1,    2) (   1,    1) (   1,    0) (   1,    1) (   1,    1) (   1,    0) (   1,    0) (   1,    1)
          (   1,    0) (   1,    2) (   1,    1) (   1,    0) (   1,    1) (   1,    0) (   1,    0) (   1,    2) (   1,    0) (   1,    0)
          (   1,    1) (   1,    0) (   1,    0) (   1,    0) (   1,    2) (   1,    1) (   1,    1) (   1,    3) (   1,    0) (   1,    0)
          (   1,    0) (   1,    1) (   1,    0) (   1,    0) (   1,    1) (   1,    0) (   1,    1) (   1,    1) (   1,    1) (   1,    2)
          (   1,    2) (   1,    3) (   1,    2) (   1,    1) (   1,    0) (   1,    2) (   1,    0) (   1,    1) (   1,    2) (   1,    0)
          (   1,    0) (   1,    1) (   1,    3) (   1,    2) (   1,    1) (   1,    1) (   1,    2) (   1,    3) (   1,    0) (   1,    2)
          (   1,    2) (   1,    1) (   1,    0) (   1,    1) (   1,    1) (   1,    0) (   1,    0) (   1,    3) (   1,    0) (   1,    3)
          (   1,    1) (   1,    1) (   1,    1) (   1,    1) (   1,    3) (   1,    2) (   1,    1) (   1,    3) (   1,    1) (   1,    0)
          (   1,    0) (   1,    1) (   1,    2) (   1,    2) (   1,    1) (   1,    2) (   1,    0) (   1,    0) (   1,    1) (   1,    1)
          (   1,    0) (   1,    1) (   1,    1) (   1,    1) (   1,    0) (   1,    0) (   1,    0) (   1,    1) (   1,    2) (   1,    0)
          (   1,    1) (   1,    0) (   1,    1) (   1,    2) (   1,    1) (   1,    1) (   1,    0) (   1,    1) (   1,    2) (   1,    1)
          (   1,    2) (   1,    2) (   1,    1) (   1,    1) (   1,    1) (   1,    3) (   1,    1) (   1,    1) (   1,    1) (   1,    0)
          (   1,    0) (   1,    2) (   1,    0) (   1,    1) (   1,    1) (   1,    0) (   1,    3) (   1,    2) (   1,    0) (   1,    2)
          (   1,    1) (   1,    1) (   1,    3) (   1,    1) (   1,    2) (   1,    2) (   1,    1) (   1,    1) (   1,    0) (   1,    1)
          (   1,    2) (   1,    0) (   1,    1) (   1,    1) (   1,    2) (   1,    2) (   1,    0) (   1,    0) (   1,    2) (   1,    1)
          (   1,    0) (   1,    1) (   1,    0) (   1,    0) (   1,    1) (   1,    1) (   1,    1) (   1,    2) (   1,    0) (   1,    0)
          (   1,    4) (   1,    0) (   1,    2) (   1,    0) (   1,    1) (   1,    1) (   1,    1) (   1,    1) (   1,    0) (   1,    1)
          (   1,    0) (   1,    1) (   1,    1) (   1,    0) (   1,    1) (   1,    3) (   1,    1) (   1,    1) (   1,    1) (   1,    0)
          (   1,    0) (   1,    0) (   1,    1) (   1,    1) (   1,    1) (   1,    2) (   1,    1) (   1,    1) (   1,    2) (   1,    0)
          (   1,    1) (   1,    0) (   1,    1) (   1,    2) (   1,    1) (   1,    1) (   1,    2) (   1,    1) (   1,    1) (   1,    0)
          (   1,    0) (   1,    0) (   1,    1) (   1,    0) (   1,    0) (   1,    0) (   1,    2) (   1,    2) (   1,    0) (   1,    1)
          (   1,    1) (   1,    3) (   1,    2) (   1,    1) (   1,    0) (   1,    1) (   1,    2) (   1,    2) (   1,    1) (   1,    0)
          (   1,    1) (   1,    0) (   1,    0) (   1,    1) (   1,    3) (   1,    2) (   1,    0) (   1,    2) (   1,    2) (   1,    2)
          (   1,    0) (   1,    1) (   1,    0) (   1,    1) (   1,    0) (   1,    1) (   1,    3) (   1,    2) (   1,    2) (   1,    0)
          (   1,    2) (   1,    1) (   1,    1) (   1,    1) (   1,    3) (   1,    1) (   1,    1) (   1,    0) (   1,    2) (   1,    0)
          (   1,    0) (   1,    1) (   1,    0) (   1,    2) (   1,    0) (   1,    1) (   1,    0) (   1,    1) (   1,    3) (   1,    2)
          (   1,    2) (   1,    1) (   1,    0) (   1,    1) (   1,    2) (   1,    2) (   1,    1) (   1,    1) (   1,    0) (   1,    2)
          (   1,    1) (   1,    2) (   1,    1) (   1,    1) (   1,    1) (   1,    3) (   1,    0) (   1,    1) (   1,    1) (   1,    2)
          (   1,    0) (   1,    2) (   1,    0) (   1,    1) (   1,    1) (   1,    1) (   1,    2) (   1,    2) (   1,    0) (   1,    0)
          (   1,    2) (   1,    1) (   1,    0) (   1,    2) (   1,    1) (   1,    0) (   1,    2) (   1,    1) (   1,    2) (   1,    0)
          (   1,    1) (   1,    1) (   1,    0) (   1,    1) (   1,    1) (   1,    2) (   1,    1) (   1,    2) (   1,    0) (   1,    1)
          (   1,    0) (   1,    0) (   1,    1) (   1,    0) (   1,    1) (   1,    1) (   1,    1) (   1,    2) (   1,    1) (   1,    2)
          (   1,    2) (   1,    1) (   1,    1) (   1,    1) (   1,    0) (   1,    1) (   1,    1) (   1,    3) (   1,    3) (   1,    1)
          (   1,    1) (   1,    1) (   1,    1) (   1,    2) (   1,    0) (   1,    0) (   1,    2) (   1,    0) (   1,    2) (   1,    4)
         
node   3 sent_total    499  recv_total    508

node   4  (   1,    0) (   0,    0) (   0,    2) (   1,    0) (   1,    2) (   1,    3) (   1,    0) (   1,    0) (   1,    1) (   1,    0)
          (   1,    0) (   1,    0) (   1,    2) (   1,    1) (   1,    0) (   1,    4) (   1,    1) (   1,    2) (   1,    1) (   1,    0)
          (   1,    2) (   1,    2) (   1,    0) (   1,    2) (   1,    1) (   1,    1) (   1,    0) (   1,    2) (   1,    1) (   1,    0)
          (   1,    0) (   1,    1) (   1,    1) (   1,    2) (   1,    0) (   1,    0) (   1,    3) (   1,    0) (   1,    2) (   1,    1)
          (   1,    0) (   1,    1) (   1,    0) (   1,    0) (   1,    1) (   1,    0) (   1,    2) (   1,    0) (   1,    0) (   1,    1)
          (   1,    0) (   1,    1) (   1,    0) (   1,    1) (   1,    2) (   1,    0) (   1,    1) (   1,    4) (   1,    1) (   1,    1)
          (   1,    0) (   1,    0) (   1,    2) (   1,    2) (   1,    0) (   1,    1) (   1,    1) (   1,    1) (   1,    1) (   1,    1)
          (   1,    0) (   1,    1) (   1,    1) (   1,    1) (   1,    1) (   1,    1) (   1,    1) (   1,    1) (   1,    0) (   1,    0)
          (   1,    1) (   1,    0) (   1,    0) (   1,    1) (   1,    1) (   1,    3) (   1,    0) (   1,    1) (   1,    3) (   1,    4)
          (   1,    1) (   1,    0) (   1,    0) (   1,    2) (   1,    0) (   1,    1) (   1,    1) (   1,    2) (   1,    0) (   1,    2)
          (   1,    1) (   1,    1) (   1,    1) (   1,    2) (   1,    1) (   1,    2) (   1,    1) (   1,    0) (   1,    1) (   1,    3)
          (   1,    1) (   1,    1) (   1,    1) (   1,    2) (   1,    1) (   1,    1) (   1,    0) (   1,    0) (   1,    0) (   1,    0)
          (   1,    0) (   1,    4) (   1,    2) (   1,    0) (   1,    3) (   1,    2) (   1,    2) (   1,    1) (   1,    1) (   1,    2)
          (   1,    0) (   1,    1) (   1,    2) (   1,    1) (   1,    1) (   1,    1) (   1,    0) (   1,    2) (   1,    1) (   1,    0)
          (   1,    1) (   1,    1) (   1,    0) (   1,    1) (   1,    2) (   1,    2) (   1,    1) (   1,    1) (   1,    1) (   1,    1)
          (   1,    1) (   1,    1) (   1,    4) (   1,    2) (   1,    0) (   1,    1) (   1,    2) (   1,    1) (   1,    2) (   1,    0)
          (   1,    0) (   1,    1) (   1,    3) (   1,    2) (   1,    2) (   1,    1) (   1,    0) (   1,    2) (   1,    0) (   1,    3)
          (   1,    2) (   1,    1) (   1,    0) (   1,    2) (   1,    1) (   1,    2) (   1,    0) (   1,    1) (   1,    0) (   1,    3)
          (   1,    3) (   1,    2) (   1,    2) (   1,    0) (   1,    2) (   1,    1) (   1,    0) (   1,    1) (   1,    1) (   1,    1)
          (   1,    0) (   1,    2) (   1,    0) (   1,    0) (   1,    1) (   1,    0) (   1,    2) (   1,    1) (   1,    0) (   1,    1)
          (   1,    1) (   1,    2) (   1,    0) (   1,    1) (   1,    2) (   1,    1) (   1,    2) (   1,    0) (   1,    1) (   1,    2)
          (   1,    3) (   1,    1) (   1,    2) (   1,    0) (   1,    1) (   1,    2) (   1,    0) (   1,    0) (   1,    1) (   1,    0)
          (   1,    1) (   1,    1) (   1,    1) (   1,    0) (   1,    0) (   1,    1) (   1,    0) (   1,    0) (   1,    1) (   1,    1)
          (   1,    1) (   1,    3) (   1,    1) (   1,    0) (   1,    1) (   1,    2) (   1,    3) (   1,    1) (   1,    1) (   1,    1)
          (   1,    1) (   1,    1) (   1,    0) (   1,    2) (   1,    1) (   1,    0) (   1,    1) (   1,    0) (   1,    0) (   1,    1)
          (   1,    0) (   1,    0) (   1,    1) (   1,    0) (   1,    1) (   1,    0) (   1,    0) (   1,    1) (   1,    0) (   1,    1)
          (   1,    3) (   1,    1) (   1,    0) (   1,    1) (   1,    1) (   1,    1) (   1,    0) (   1,    2) (   1,    0) (   1,    1)
          (   1,    0) (   1,    1) (   1,    0) (   1,    2) (   1,    1) (   1,    1) (   1,    3) (   1,    1) (   1,    1) (   1,    1)
          (   1,    1) (   1,    1) (   1,    2) (   1,    0) (   1,    0) (   1,    2) (   1,    2) (   1,    0) (   1,    0) (   1,    1)
          (   1,    0) (   1,    2) (   1,    0) (   1,    0) (   1,    0) (   1,    2) (   1,    1) (   1,    2) (   1,    1) (   1,    1)
          (   1,    1) (   1,    0) (   1,    1) (   1,    0) (   1,    0) (   1,    0) (   1,    2) (   1,    2) (   1,    0) (   1,    2)
          (   1,    1) (   1,    2) (   1,    2) (   1,    2) (   1,    1) (   1,    1) (   1,    1) (   1,    0) (   1,    2) (   1,    1)
          (   1,    2) (   1,    1) (   1,    0) (   1,    0) (   1,    1) (   1,    1) (   1,    3) (   1,    1) (   1,    1) (   1,    1)
          (   1,    1) (   1,    1) (   1,    3) (   1,    0) (   1,    0) (   1,    0) (   1,    0) (   1,    2) (   1,    3) (   1,    3)
          (   1,    1) (   1,    0) (   1,    1) (   1,    0) (   1,    2) (   1,    1) (   1,    0) (   1,    0) (   1,    0) (   1,    2)
          (   1,    1) (   1,    1) (   1,    1) (   1,    2) (   1,    0) (   1,    0) (   1,    1) (   1,    4) (   1,    0) (   1,    2)
          (   1,    1) (   1,    2) (   1,    1) (   1,    0) (   1,    2) (   1,    2) (   1,    1) (   1,    0) (   1,    2) (   1,    2)
          (   1,    1) (   1,    0) (   1,    1) (   1,    1) (   1,    1) (   1,    1) (   1,    1) (   1,    1) (   1,    0) (   1,    1)
          (   1,    1) (   1,    4) (   1,    0) (   1,    0) (   1,    1) (   1,    2) (   1,    2) (   1,    0) (   1,    2) (   1,    1)
          (   1,    1) (   1,    0) (   1,    1) (   1,    1) (   1,    2) (   1,    0) (   1,    0) (   1,    0) (   1,    1) (   1,    1)
          (   1,    0) (   1,    0) (   1,    0) (   1,    0) (   1,    0) (   1,    1) (   1,    2) (   1,    1) (   1,    1) (   1,    1)
          (   1,    1) (   1,    0) (   1,    3) (   1,    2) (   1,    2) (   1,    1) (   1,    2) (   1,    2) (   1,    0) (   1,    1)
          (   1,    1) (   1,    0) (   1,    2) (   1,    1) (   1,    1) (   1,    1) (   1,    0) (   1,    2) (   1,    3) (   1,    0)
          (   1,    1) (   1,    0) (   1,    2) (   1,    1) (   1,    0) (   1,    1) (   1,    0) (   1,    0) (   1,    1) (   1,    2)
          (   1,    1) (   1,    0) (   1,    4) (   1,    1) (   1,    0) (   1,    1) (   1,    2) (   1,    2) (   1,    1) (   1,    0)
          (   1,    0) (   1,    1) (   1,    0) (   1,    2) (   1,    0) (   1,    2) (   1,    0) (   1,    3) (   1,    1) (   1,    1)
          (   1,    0) (   1,    1) (   1,    2) (   1,    3) (   1,    0) (   1,    3) (   1,    2) (   1,    1) (   1,    2) (   1,    1)
          (   1,    2) (   1,    0) (   1,    1) (   1,    0) (   1,    2) (   1,    2) (   1,    2) (   1,    1) (   1,    2) (   1,    3)
          (   1,    0) (   1,    1) (   1,    0) (   1,    1) (   1,    0) (   1,    2) (   1,    4) (   1,    0) (   1,    0) (   1,    0)
          (   1,    2) (   1,    1) (   1,    1) (   1,    0) (   1,    2) (   1,    5) (   1,    2) (   1,    1) (   1,    0) (   1,    0)
         
node   4 sent_total    498  recv_total    522

node   5  (   0,    0) (   1,    0) (   0,    0) (   1,    1) (   1,    0) (   1,    0) (   1,    2) (   1,    1) (   1,    0) (   1,    1)
          (   1,    1) (   1,    1) (   1,    0) (   1,    0) (   1,    3) (   1,    0) (   1,    0) (   1,    0) (   1,    1) (   1,    0)
          (   1,    3) (   1,    0) (   1,    1) (   1,    0) (   1,    4) (   1,    2) (   1,    1) (   1,    0) (   1,    1) (   1,    1)
          (   1,    0) (   1,    1) (   1,    2) (   1,    0) (   1,    1) (   1,    2) (   1,    0) (   1,    0) (   1,    2) (   1,    1)
          (   1,    1) (   1,    0) (   1,    1) (   1,    0) (   1,    0) (   1,    1) (   1,    1) (   1,    0) (   1,    0) (   1,    1)
          (   1,    1) (   1,    0) (   1,    0) (   1,    1) (   1,    2) (   1,    3) (   1,    1) (   1,    0) (   1,    0) (   1,    0)
          (   1,    1) (   1,    1) (   1,    2) (   1,    2) (   1,    1) (   1,    1) (   1,    2) (   1,    0) (   1,    1) (   1,    0)
          (   1,    1) (   1,    2) (   1,    0) (   1,    0) (   1,    3) (   1,    0) (   1,    2) (   1,    1) (   1,    1) (   1,    1)
          (   1,    1) (   1,    0) (   1,    2) (   1,    0) (   1,    1) (   1,    1) (   1,    2) (   1,    0) (   1,    1) (   1,    1)
          (   1,    0) (   1,    1) (   1,    0) (   1,    1) (   1,    0) (   1,    2) (   1,    1) (   1,    0) (   1,    0) (   1,    4)
          (   1,    1) (   1,    0) (   1,    2) (   1,    0) (   1,    1) (   1,    0) (   1,    1) (   1,    2) (   1,    0) (   1,    0)
          (   1,    1) (   1,    1) (   1,    0) (   1,    0) (   1,    0) (   1,    0) (   1,    0) (   1,    2) (   1,    1) (   1,    1)
          (   1,    1) (   1,    0) (   1,    0) (   1,    0) (   1,    0) (   1,    1) (   1,    1) (   1,    1) (   1,    0) (   1,    1)
          (   1,    1) (   1,    0) (   1,    1) (   1,    0) (   1,    4) (   1,    0) (   1,    1) (   1,    2) (   1,    1) (   1,    0)
          (   1,    2) (   1,    1) (   1,    1) (   1,    1) (   1,    1) (   1,    0) (   1,    1) (   1,    2) (   1,    3) (   1,    2)
          (   1,    1) (   1,    1) (   1,    0) (   1,    2) (   1,    0) (   1,    1) (   1,    1) (   1,    1) (   1,    1) (   1,    1)
          (   1,    0) (   1,    1) (   1,    0) (   1,    0) (   1,    0) (   1,    1) (   1,    2) (   1,    0) (   1,    1) (   1,    1)
          (   1,    2) (   1,    1) (   1,    1) (   1,    1) (   1,    1) (   1,    2) (   1,    0) (   1,    0) (   1,    2) (   1,    1)
          (   1,    1) (   1,    1) (   1,    1) (   1,    1) (   1,    1) (   1,    0) (   1,    1) (   1,    0) (   1,    0) (   1,    0)
          (   1,    2) (   1,    1) (   1,    1) (   1,    0) (   1,    1) (   1,    2) (   1,    1) (   1,    1) (   1,    2) (   1,    2)
          (   1,    1) (   1,    0) (   1,    1) (   1,    0) (   1,    1) (   1,    0) (   1,    1) (   1,    2) (   1,    0) (   1,    2)
          (   1,    0) (   1,    1) (   1,    0) (   1,    1) (   1,    0) (   1,    2) (   1,    1) (   1,    2) (   1,    1) (   1,    1)
          (   1,    1) (   1,    3) (   1,    2) (   1,    1) (   1,    3) (   1,    0) (   1,    0) (   1,    0) (   1,    0) (   1,    1)
          (   1,    1) (   1,    1) (   1,    1) (   1,    0) (   1,    0) (   1,    0) (   1,    2) (   1,    1) (   1,    1) (   1,    1)
          (   1,    1) (   1,    2) (   1,    3) (   1,    0) (   1,    0) (   1,    0) (   1,    1) (   1,    0) (   1,    0) (   1,    2)
          (   1,    1) (   1,    0) (   1,    1) (   1,    0) (   1,    0) (   1,    0) (   1,    2) (   1,    1) (   1,    2) (   1,    0)
          (   1,    1) (   1,    0) (   1,    1) (   1,    1) (   1,    1) (   1,    2) (   1,    1) (   1,    0) (   1,    1) (   1,    1)
          (   1,    0) (   1,    0) (   1,    2) (   1,    0) (   1,    0) (   1,    1) (   1,    1) (   1,    2) (   1,    0) (   1,    2)
          (   1,    0) (   1,    0) (   1,    0) (   1,    3) (   1,    0) (   1,    1) (   1,    1) (   1,    0) (   1,    1) (   1,    0)
          (   1,    0) (   1,    0) (   1,    0) (   1,    0) (   1,    1) (   1,    1) (   1,    2) (   1,    2) (   1,    1) (   1,    2)
          (   1,    1) (   1,    1) (   1,    1) (   1,    2) (   1,    1) (   1,    0) (   1,    1) (   1,    0) (   1,    1) (   1,    1)
          (   1,    1) (   1,    1) (   1,    0) (   1,    0) (   1,    1) (   1,    1) (   1,    2) (   1,    0) (   1,    1) (   1,    0)
          (   1,    0) (   1,    2) (   1,    0) (   1,    0) (   1,    2) (   1,    1) (   1,    1) (   1,    0) (   1,    3) (   1,    0)
          (   1,    2) (   1,    1) (   1,    0) (   1,    0) (   1,    0) (   1,    1) (   1,    0) (   1,    0) (   1,    2) (   1,    0)
          (   1,    2) (   1,    2) (   1,    0) (   1,    0) (   1,    0) (   1,    1) (   1,    1) (   1,    1) (   1,    0) (   1,    1)
          (   1,    1) (   1,    1) (   1,    2) (   1,    1) (   1,    0) (   1,    3) (   1,    1) (   1,    0) (   1,    2) (   1,    0)
          (   1,    3) (   1,    2) (   1,    2) (   1,    0) (   1,    0) (   1,    3) (   1,    0) (   1,    0) (   1,    0) (   1,    0)
          (   1,    1) (   1,    0) (   1,    1) (   1,    1) (   1,    0) (   1,    1) (   1,    1) (   1,    2) (   1,    1) (   1,    1)
          (   1,    0) (   1,    1) (   1,    0) (   1,    1) (   1,    1) (   1,    0) (   1,    0) (   1,    2) (   1,    0) (   1,    0)
          (   1,    1) (   1,    1) (   1,    2) (   1,    2) (   1,    0) (   1,    1) (   1,    2) (   1,    2) (   1,    1) (   1,    1)
          (   1,    2) (   1,    1) (   1,    2) (   1,    1) (   1,    0) (   1,    2) (   1,    0) (   1,    3) (   1,    0) (   1,    1)
          (   1,    0) (   1,    1) (   1,    1) (   1,    0) (   1,    2) (   1,    0) (   1,    1) (   1,    0) (   1,    0) (   1,    2)
          (   1,    0) (   1,    2) (   1,    1) (   1,    2) (   1,    1) (   1,    0) (   1,    1) (   1,    0) (   1,    0) (   1,    1)
          (   1,    0) (   1,    2) (   1,    1) (   1,    1) (   1,    3) (   1,    0) (   1,    1) (   1,    1) (   1,    2) (   1,    0)
          (   1,    2) (   1,    2) (   1,    0) (   1,    0) (   1,    0) (   1,    1) (   1,    0) (   1,    1) (   1,    1) (   1,    3)
          (   1,    0) (   1,    1) (   1,    4) (   1,    0) (   1,    1) (   1,    1) (   1,    3) (   1,    0) (   1,    2) (   1,    0)
          (   1,    2) (   1,    2) (   1,    1) (   1,    1) (   1,    1) (   1,    0) (   1,    1) (   1,    0) (   1,    1) (   1,    1)
          (   1,    1) (   1,    1) (   1,    2) (   1,    2) (   1,    1) (   1,    1) (   1,    3) (   1,    2) (   1,    1) (   1,    2)
          (   1,    1) (   1,    2) (   1,    0) (   1,    3) (   1,    3) (   1,    0) (   1,    1) (   1,    0) (   1,    1) (   1,    1)
          (   1,    1) (   1,    2) (   1,    2) (   1,    0) (   1,    1) (   1,    1) (   1,    0) (   1,    0) (   1,    0) (   1,    1)
         
node   5 sent_total    498  recv_total    450

node   6  (   0,    0) (   1,    0) (   0,    0) (   1,    1) (   1,    0) (   1,    1) (   1,    1) (   1,    3) (   1,    0) (   1,    1)
          (   1,    1) (   1,    3) (   1,    0) (   1,    2) (   1,    1) (   1,    0) (   1,    1) (   1,    1) (   1,    2) (   1,    1)
          (   1,    0) (   1,    0) (   1,    3) (   1,    0) (   1,    2) (   1,    0) (   1,    2) (   1,    2) (   1,    1) (   1,    2)
          (   1,    1) (   1,    1) (   1,    0) (   1,    1) (   1,    2) (   1,    3) (   1,    0) (   1,    1) (   1,    0) (   1,    1)
          (   1,    1) (   1,    1) (   1,    2) (   1,    3) (   1,    2) (   1,    1) (   1,    1) (   1,    1) (   1,    0) (   1,    0)
          (   1,    1) (   1,    1) (   1,    1) (   1,    2) (   1,    0) (   1,    0) (   1,    4) (   1,    1) (   1,    0) (   1,    1)
          (   1,    3) (   1,    2) (   1,    0) (   1,    1) (   1,    2) (   1,    0) (   1,    1) (   1,    3) (   1,    0) (   1,    2)
          (   1,    2) (   1,    1) (   1,    2) (   1,    2) (   1,    1) (   1,    2) (   1,    1) (   1,    0) (   1,    1) (   1,    1)
          (   1,    2) (   1,    0) (   1,    0) (   1,    1) (   1,    1) (   1,    0) (   1,    1) (   1,    1) (   1,    2) (   1,    0)
          (   1,    3) (   1,    1) (   1,    1) (   1,    2) (   1,    2) (   1,    0) (   1,    0) (   1,    2) (   1,    1) (   1,    1)
          (   1,    1) (   0,    0) (   0,    0) (   0,    0) (   0,    0) (   0,    0) (   0,    0) (   0,    0) (   0,    0) (   0,    0)
          (   0,    0) (   0,    0) (   0,    0) (   0,    0) (   0,    0) (   0,    0) (   0,    0) (   0,    0) (   0,    0) (   0,    0)
          (   0,    0) (   0,    0) (   0,    0) (   0,    0) (   0,    0) (   0,    0) (   0,    0) (   0,    0) (   0,    0) (   0,    0)
          (   0,    0) (   0,    0) (   0,    0) (   0,    0) (   0,    0) (   0,    0) (   0,    0) (   0,    0) (   0,    0) (   0,    0)
          (   0,    0) (   0,    0) (   0,    0) (   0,    0) (   0,    0) (   0,    0) (   0,    0) (   0,    0) (   0,    0) (   0,    0)
          (   0,    0) (   0,    0) (   0,    0) (   0,    0) (   0,    0) (   0,    0) (   0,    0) (   0,    0) (   0,    0) (   0,    0)
          (   0,    0) (   0,    0) (   0,    0) (   0,    0) (   0,    0) (   0,    0) (   0,    0) (   0,    0) (   0,    0) (   0,    0)
          (   0,    0) (   0,    0) (   0,    0) (   0,    0) (   0,    0) (   0,    0) (   0,    0) (   0,    0) (   0,    0) (   0,    0)
          (   0,    0) (   0,    0) (   0,    0) (   0,    0) (   0,    0) (   0,    0) (   0,    0) (   0,    0) (   0,    0) (   0,    0)
          (   0,    0) (   0,    0) (   0,    0) (   0,    0) (   0,    0) (   0,    0) (   0,    0) (   0,    0) (   0,    0) (   0,    0)
          (   0,    0) (   0,    0) (   0,    0) (   0,    0) (   0,    0) (   0,    0) (   0,    0) (   0,    0) (   0,    0) (   0,    0)
          (   0,    0) (   0,    0) (   0,    0) (   0,    0) (   0,    0) (   0,    0) (   0,    0) (   0,    0) (   0,    0) (   0,    0)
          (   0,    0) (   0,    0) (   0,    0) (   0,    0) (   0,    0) (   0,    0) (   0,    0) (   0,    0) (   0,    0) (   0,    0)
          (   0,    0) (   0,    0) (   0,    0) (   0,    0) (   0,    0) (   0,    0) (   0,    0) (   0,    0) (   0,    0) (   0,    0)
          (   0,    0) (   0,    0) (   0,    0) (   0,    0) (   0,    0) (   0,    0) (   0,    0) (   0,    0) (   0,    0) (   0,    0)
          (   0,    0) (   0,    0) (   0,    0) (   0,    0) (   0,    0) (   0,    0) (   0,    0) (   0,    0) (   0,    0) (   0,    0)
          (   0,    0) (   0,    0) (   0,    0) (   0,    0) (   0,    0) (   0,    0) (   0,    0) (   0,    0) (   0,    0) (   0,    0)
          (   0,    0) (   0,    0) (   0,    0) (   0,    0) (   0,    0) (   0,    0) (   0,    0) (   0,    0) (   0,    0) (   0,    0)
          (   0,    0) (   0,    0) (   0,    0) (   0,    0) (   0,    0) (   0,    0) (   0,    0) (   0,    0) (   0,    0) (   0,    0)
          (   0,    0) (   0,    0) (   0,    0) (   0,    0) (   0,    0) (   0,    0) (   0,    0) (   0,    0) (   0,    0) (   0,    0)
          (   0,    0) (   0,    0) (   0,    0) (   0,    0) (   0,    0) (   0,    0) (   0,    0) (   0,    0) (   0,    0) (   0,    0)
          (   0,    0) (   0,    0) (   0,    0) (   0,    0) (   0,    0) (   0,    0) (   0,    0) (   0,    0) (   0,    0) (   0,    0)
          (   0,    0) (   0,    0) (   0,    0) (   0,    0) (   0,    0) (   0,    0) (   0,    0) (   0,    0) (   0,    0) (   0,    0)
          (   0,    0) (   0,    0) (   0,    0) (   0,    0) (   0,    0) (   0,    0) (   0,    0) (   0,    0) (   0,    0) (   0,    0)
          (   0,    0) (   0,    0) (   0,    0) (   0,    0) (   0,    0) (   0,    0) (   0,    0) (   0,    0) (   0,    0) (   0,    0)
          (   0,    0) (   0,    0) (   0,    0) (   0,    0) (   0,    0) (   0,    0) (   0,    0) (   0,    0) (   0,    0) (   0,    0)
          (   0,    0) (   0,    0) (   0,    0) (   0,    0) (   0,    0) (   0,    0) (   0,    0) (   0,    0) (   0,    0) (   0,    0)
          (   0,    0) (   0,    0) (   0,    0) (   0,    0) (   0,    0) (   0,    0) (   0,    0) (   0,    0) (   0,    0) (   0,    0)
          (   0,    0) (   0,    0) (   0,    0) (   0,    0) (   0,    0) (   0,    0) (   0,    0) (   0,    0) (   0,    0) (   0,    0)
          (   0,    0) (   0,    0) (   0,    0) (   0,    0) (   0,    0) (   0,    0) (   0,    0) (   0,    0) (   0,    0) (   0,    0)
          (   0,    0) (   0,    0) (   0,    0) (   0,    0) (   0,    0) (   0,    0) (   0,    0) (   0,    0) (   0,    0) (   0,    0)
          (   0,    0) (   0,    0) (   0,    0) (   0,    0) (   0,    0) (   0,    0) (   0,    0) (   0,    0) (   0,    0) (   0,    0)
          (   0,    0) (   0,    0) (   0,    0) (   0,    0) (   0,    0) (   0,    0) (   0,    0) (   0,    0) (   0,    0) (   0,    0)
          (   0,    0) (   0,    0) (   0,    0) (   0,    0) (   0,    0) (   0,    0) (   0,    0) (   0,    0) (   0,    0) (   0,    0)
          (   0,    0) (   0,    0) (   0,    0) (   0,    0) (   0,    0) (   0,    0) (   0,    0) (   0,    0) (   0,    0) (   0,    0)
          (   0,    0) (   0,    0) (   0,    0) (   0,    0) (   0,    0) (   0,    0) (   0,    0) (   0,    0) (   0,    0) (   0,    0)
          (   0,    0) (   0,    0) (   0,    0) (   0,    0) (   0,    0) (   0,    0) (   0,    0) (   0,    0) (   0,    0) (   0,    0)
          (   0,    0) (   0,    0) (   0,    0) (   0,    0) (   0,    0) (   0,    0) (   0,    0) (   0,    0) (   0,    0) (   0,    0)
          (   0,    0) (   0,    0) (   0,    0) (   0,    0) (   0,    0) (   0,    0) (   0,    0) (   0,    0) (   0,    0) (   0,    0)
          (   0,    0) (   0,    0) (   0,    0) (   0,    0) (   0,    0) (   0,    0) (   0,    0) (   0,    0) (   0,    0) (   0,    0)
         
node   6 sent_total     99  recv_total    113

node   7  (   0,    0) (   1,    0) (   0,    0) (   1,    1) (   1,    1) (   1,    0) (   1,    1) (   1,    0) (   1,    1) (   1,    2)
          (   1,    2) (   1,    1) (   1,    0) (   1,    1) (   1,    0) (   1,    0) (   1,    0) (   1,    2) (   1,    1) (   1,    3)
          (   1,    1) (   1,    0) (   1,    2) (   1,    1) (   1,    0) (   1,    1) (   1,    0) (   1,    0) (   1,    0) (   1,    1)
          (   1,    0) (   1,    0) (   1,    2) (   1,    1) (   1,    0) (   1,    0) (   1,    2) (   1,    1) (   1,    1) (   1,    0)
          (   1,    2) (   1,    1) (   1,    1) (   1,    1) (   1,    1) (   1,    1) (   1,    2) (   1,    1) (   1,    3) (   1,    1)
          (   1,    0) (   1,    1) (   1,    0) (   1,    0) (   1,    1) (   1,    1) (   1,    2) (   1,    0) (   1,    2) (   1,    2)
          (   1,    2) (   1,    2) (   1,    0) (   1,    2) (   1,    1) (   1,    0) (   1,    2) (   1,    1) (   1,    1) (   1,    0)
          (   1,    0) (   1,    0) (   1,    0) (   1,    2) (   1,    0) (   1,    2) (   1,    0) (   1,    1) (   1,    3) (   1,    1)
          (   1,    1) (   1,    2) (   1,    1) (   1,    1) (   1,    0) (   1,    2) (   1,    0) (   1,    0) (   1,    1) (   1,    2)
          (   1,    0) (   1,    1) (   1,    2) (   1,    3) (   1,    1) (   1,    1) (   1,    1) (   1,    1) (   1,    2) (   1,    1)
          (   1,    0) (   1,    1) (   1,    1) (   1,    0) (   1,    0) (   1,    1) (   1,    0) (   1,    2) (   1,    1) (   1,    1)
          (   1,    0) (   1,    1) (   1,    1) (   1,    0) (   1,    2) (   1,    2) (   1,    1) (   1,    0) (   1,    0) (   1,    1)
          (   1,    1) (   1,    1) (   1,    1) (   1,    1) (   1,    1) (   1,    1) (   1,    0) (   1,    0) (   1,    3) (   1,    0)
          (   1,    0) (   1,    1) (   1,    1) (   1,    0) (   1,    1) (   1,    1) (   1,    1) (   1,    1) (   1,    0) (   1,    3)
          (   1,    1) (   1,    2) (   1,    2) (   1,    0) (   1,    0) (   1,    1) (   1,    1) (   1,    2) (   1,    0) (   1,    1)
          (   1,    1) (   1,    1) (   1,    0) (   1,    1) (   1,    2) (   1,    3) (   1,    0) (   1,    1) (   1,    1) (   1,    2)
          (   1,    0) (   1,    0) (   1,    0) (   1,    1) (   1,    0) (   1,    1) (   1,    0) (   1,    3) (   1,    2) (   1,    0)
          (   1,    3) (   1,    0) (   1,    2) (   1,    2) (   1,    0) (   1,    0) (   1,    1) (   1,    1) (   1,    2) (   1,    2)
          (   1,    0) (   1,    2) (   1,    2) (   1,    2) (   1,    0) (   1,    2) (   1,    0) (   1,    1) (   1,    1) (   1,    0)
          (   1,    3) (   1,    1) (   1,    3) (   1,    2) (   1,    2) (   1,    2) (   1,    2) (   1,    1) (   1,    2) (   1,    0)
          (   1,    2) (   1,    2) (   1,    0) (   1,    1) (   1,    0) (   1,    1) (   1,    1) (   1,    0) (   1,    1) (   1,    1)
          (   1,    2) (   1,    3) (   1,    0) (   1,    1) (   1,    3) (   1,    0) (   1,    1) (   1,    0) (   1,    1) (   1,    1)
          (   1,    1) (   1,    2) (   1,    1) (   1,    0) (   1,    1) (   1,    1) (   1,    3) (   1,    3) (   1,    0) (   1,    0)
          (   1,    2) (   1,    0) (   1,    1) (   1,    0) (   1,    0) (   1,    1) (   1,    0) (   1,    2) (   1,    1) (   1,    1)
          (   1,    2) (   1,    1) (   1,    0) (   1,    2) (   1,    1) (   1,    2) (   1,    1) (   1,    0) (   1,    3) (   1,    0)
          (   1,    2) (   1,    1) (   1,    0) (   1,    0) (   1,    1) (   1,    1) (   1,    1) (   1,    0) (   1,    2) (   1,    2)
          (   1,    1) (   1,    2) (   1,    1) (   1,    1) (   1,    1) (   1,    2) (   1,    2) (   1,    1) (   1,    3) (   1,    0)
          (   1,    1) (   1,    2) (   1,    1) (   1,    1) (   1,    1) (   1,    0) (   1,    0) (   1,    1) (   1,    4) (   1,    0)
          (   1,    3) (   1,    0) (   1,    0) (   1,    0) (   1,    1) (   1,    0) (   1,    1) (   1,    1) (   1,    0) (   1,    0)
          (   1,    1) (   1,    1) (   1,    0) (   1,    1) (   1,    1) (   1,    1) (   1,    1) (   1,    0) (   1,    0) (   1,    0)
          (   1,    1) (   1,    2) (   1,    1) (   1,    1) (   1,    1) (   1,    3) (   1,    0) (   1,    2) (   1,    2) (   1,    0)
          (   1,    0) (   1,    0) (   1,    2) (   1,    1) (   1,    2) (   1,    2) (   1,    0) (   1,    2) (   1,    2) (   1,    1)
          (   1,    0) (   1,    0) (   1,    2) (   1,    1) (   1,    0) (   1,    0) (   1,    1) (   1,    0) (   1,    1) (   1,    1)
          (   1,    3) (   1,    0) (   1,    1) (   1,    2) (   1,    0) (   1,    0) (   1,    3) (   1,    0) (   1,    1) (   1,    1)
          (   1,    1) (   1,    2) (   1,    2) (   1,    2) (   1,    1) (   1,    0) (   1,    1) (   1,    1) (   1,    3) (   1,    4)
          (   1,    1) (   1,    0) (   1,    1) (   1,    1) (   1,    0) (   1,    0) (   1,    2) (   1,    1) (   1,    1) (   1,    0)
          (   1,    0) (   1,    2) (   1,    1) (   1,    4) (   1,    1) (   1,    1) (   1,    2) (   1,    1) (   1,    1) (   1,    1)
          (   1,    2) (   1,    3) (   1,    0) (   1,    2) (   1,    2) (   1,    2) (   1,    0) (   1,    0) (   1,    2) (   1,    1)
          (   1,    0) (   1,    1) (   1,    1) (   1,    1) (   1,    0) (   1,    1) (   1,    1) (   1,    0) (   1,    0) (   1,    1)
          (   1,    1) (   1,    2) (   1,    0) (   1,    1) (   1,    1) (   1,    1) (   1,    0) (   1,    0) (   1,    0) (   1,    0)
          (   1,    0) (   1,    2) (   1,    1) (   1,    3) (   1,    0) (   1,    1) (   1,    3) (   1,    1) (   1,    0) (   1,    1)
          (   1,    1) (   1,    1) (   1,    2) (   1,    1) (   1,    0) (   1,    2) (   1,    1) (   1,    2) (   1,    4) (   1,    0)
          (   1,    0) (   1,    2) (   1,    0) (   1,    0) (   1,    1) (   1,    2) (   1,    1) (   1,    0) (   1,    1) (   1,    0)
          (   1,    1) (   1,    0) (   1,    1) (   1,    0) (   1,    2) (   1,    0) (   1,    1) (   1,    1) (   1,    0) (   1,    1)
          (   1,    0) (   1,    0) (   1,    1) (   1,    2) (   1,    2) (   1,    1) (   1,    0) (   1,    0) (   1,    2) (   1,    0)
          (   1,    0) (   1,    1) (   1,    1) (   1,    1) (   1,    1) (   1,    2) (   1,    2) (   1,    1) (   1,    0) (   1,    0)
          (   1,    1) (   1,    0) (   1,    0) (   1,    0) (   1,    3) (   1,    0) (   1,    0) (   1,    3) (   1,    2) (   1,    1)
          (   1,    2) (   1,    2) (   1,    0) (   1,    1) (   1,    0) (   1,    1) (   1,    0) (   1,    0) (   1,    1) (   1,    0)
          (   1,    2) (   1,    1) (   1,    2) (   1,    0) (   1,    1) (   1,    2) (   1,    1) (   1,    0) (   1,    2) (   1,    1)
          (   1,    0) (   1,    1) (   1,    1) (   1,    1) (   1,    2) (   1,    1) (   1,    1) (   1,    1) (   1,    1) (   1,    1)
         
node   7 sent_total    498  recv_total    500

node   8  (   0,    0) (   1,    0) (   0,    0) (   1,    2) (   1,    1) (   1,    0) (   1,    1) (   1,    1) (   1,    1) (   1,    0)
          (   1,    2) (   1,    1) (   1,    0) (   1,    0) (   1,    1) (   1,    1) (   1,    0) (   1,    0) (   1,    1) (   1,    0)
          (   1,    0) (   1,    1) (   1,    1) (   1,    1) (   1,    0) (   1,    0) (   1,    4) (   1,    0) (   1,    1) (   1,    1)
          (   1,    1) (   1,    0) (   1,    0) (   1,    1) (   1,    1) (   1,    1) (   1,    2) (   1,    0) (   1,    2) (   1,    1)
          (   1,    1) (   1,    0) (   1,    0) (   1,    1) (   1,    1) (   1,    0) (   1,    0) (   1,    2) (   1,    1) (   1,    2)
          (   1,    2) (   1,    2) (   1,    2) (   1,    3) (   1,    1) (   1,    1) (   1,    0) (   1,    2) (   1,    2) (   1,    1)
          (   1,    1) (   1,    0) (   1,    2) (   1,    0) (   1,    0) (   1,    1) (   1,    2) (   1,    0) (   1,    1) (   1,    1)
          (   1,    1) (   1,    0) (   1,    3) (   1,    1) (   1,    0) (   1,    0) (   1,    2) (   1,    0) (   1,    1) (   1,    1)
          (   1,    1) (   1,    1) (   1,    1) (   1,    2) (   1,    2) (   1,    1) (   1,    4) (   1,    2) (   1,    1) (   1,    0)
          (   1,    1) (   1,    1) (   1,    2) (   1,    0) (   1,    2) (   1,    0) (   1,    0) (   1,    0) (   1,    2) (   1,    0)
          (   1,    0) (   1,    1) (   1,    0) (   1,    1) (   1,    0) (   1,    0) (   1,    0) (   1,    0) (   1,    1) (   1,    1)
          (   1,    0) (   1,    1) (   1,    1) (   1,    1) (   1,    2) (   1,    0) (   1,    2) (   1,    1) (   1,    0) (   1,    1)
          (   1,    1) (   1,    1) (   1,    1) (   1,    1) (   1,    1) (   1,    1) (   1,    1) (   1,    1) (   1,    0) (   1,    1)
          (   1,    1) (   1,    1) (   1,    1) (   1,    0) (   1,    0) (   1,    0) (   1,    2) (   1,    1) (   1,    0) (   1,    0)
          (   1,    0) (   1,    1) (   1,    3) (   1,    3) (   1,    0) (   1,    1) (   1,    3) (   1,    1) (   1,    1) (   1,    2)
          (   1,    1) (   1,    3) (   1,    0) (   1,    1) (   1,    0) (   1,    2) (   1,    0) (   1,    0) (   1,    1) (   1,    0)
          (   1,    1) (   1,    2) (   1,    1) (   1,    2) (   1,    1) (   1,    1) (   1,    3) (   1,    0) (   1,    1) (   1,    1)
          (   1,    0) (   1,    0) (   1,    2) (   1,    1) (   1,    1) (   1,    0) (   1,    0) (   1,    2) (   1,    2) (   1,    0)
          (   1,    0) (   1,    0) (   1,    0) (   1,    0) (   1,    0) (   1,    2) (   1,    3) (   1,    1) (   1,    3) (   1,    2)
          (   1,    2) (   1,    0) (   1,    1) (   1,    2) (   1,    1) (   1,    1) (   1,    0) (   1,    0) (   1,    0) (   1,    0)
          (   1,    1) (   1,    0) (   1,    1) (   1,    1) (   1,    0) (   1,    0) (   1,    0) (   1,    1) (   1,    0) (   1,    0)
          (   1,    1) (   1,    0) (   1,    2) (   1,    2) (   1,    1) (   1,    0) (   1,    2) (   1,    0) (   1,    1) (   1,    3)
          (   1,    2) (   1,    0) (   1,    1) (   1,    0) (   1,    0) (   1,    1) (   1,    1) (   1,    0) (   1,    1) (   1,    0)
          (   1,    0) (   1,    2) (   1,    1) (   1,    3) (   1,    0) (   1,    1) (   1,    0) (   1,    0) (   1,    1) (   1,    0)
          (   1,    1) (   1,    0) (   1,    1) (   1,    0) (   1,    3) (   1,    3) (   1,    2) (   1,    2) (   1,    3) (   1,    3)
          (   1,    0) (   1,    3) (   1,    2) (   1,    2) (   1,    3) (   1,    1) (   1,    1) (   1,    3) (   1,    0) (   1,    0)
          (   1,    0) (   1,    2) (   1,    1) (   1,    0) (   1,    0) (   1,    2) (   1,    1) (   1,    0) (   1,    0) (   1,    1)
          (   1,    1) (   1,    0) (   1,    1) (   1,    2) (   1,    0) (   1,    0) (   1,    0) (   1,    2) (   1,    1) (   1,    0)
          (   1,    0) (   1,    2) (   1,    3) (   1,    2) (   1,    1) (   1,    1) (   1,    1) (   1,    1) (   1,    1) (   1,    1)
          (   1,    0) (   1,    2) (   1,    1) (   1,    1) (   1,    1) (   1,    1) (   1,    0) (   1,    1) (   1,    2) (   1,    2)
          (   1,    0) (   1,    2) (   1,    1) (   1,    1) (   1,    0) (   1,    0) (   1,    2) (   1,    0) (   1,    1) (   1,    2)
          (   1,    0) (   1,    2) (   1,    0) (   1,    1) (   1,    2) (   1,    0) (   1,    3) (   1,    3) (   1,    1) (   1,    1)
          (   1,    0) (   1,    0) (   1,    0) (   1,    0) (   1,    2) (   1,    1) (   1,    1) (   1,    1) (   1,    1) (   1,    0)
          (   1,    1) (   1,    3) (   1,    1) (   1,    2) (   1,    1) (   1,    0) (   1,    1) (   1,    0) (   1,    0) (   1,    1)
          (   1,    0) (   1,    0) (   1,    0) (   1,    3) (   1,    1) (   1,    0) (   1,    1) (   1,    2) (   1,    0) (   1,    2)
          (   1,    0) (   1,    1) (   1,    1) (   1,    1) (   1,    2) (   1,    1) (   1,    0) (   1,    0) (   1,    2) (   1,    0)
          (   1,    1) (   1,    1) (   1,    1) (   1,    1) (   1,    3) (   1,    1) (   1,    0) (   1,    1) (   1,    2) (   1,    1)
          (   1,    1) (   1,    1) (   1,    1) (   1,    0) (   1,    1) (   1,    1) (   1,    0) (   1,    2) (   1,    1) (   1,    1)
          (   1,    0) (   1,    0) (   1,    3) (   1,    2) (   1,    0) (   1,    0) (   1,    2) (   1,    2) (   1,    2) (   1,    0)
          (   1,    1) (   1,    0) (   1,    1) (   1,    2) (   1,    1) (   1,    3) (   1,    0) (   1,    1) (   1,    1) (   1,    1)
          (   1,    0) (   1,    2) (   1,    1) (   1,    1) (   1,    1) (   1,    0) (   1,    1) (   1,    1) (   1,    1) (   1,    0)
          (   1,    3) (   1,    2) (   1,    1) (   1,    0) (   1,    2) (   1,    2) (   1,    0) (   1,    1) (   1,    0) (   1,    1)
          (   1,    1) (   1,    2) (   1,    1) (   1,    1) (   1,    2) (   1,    2) (   1,    1) (   1,    1) (   1,    2) (   1,    1)
          (   1,    3) (   1,    1) (   1,    0) (   1,    2) (   1,    0) (   1,    1) (   1,    0) (   1,    0) (   1,    3) (   1,    1)
          (   1,    1) (   1,    1) (   1,    0) (   1,    0) (   1,    1) (   1,    2) (   1,    1) (   1,    0) (   1,    1) (   1,    1)
          (   1,    1) (   1,    2) (   1,    0) (   1,    0) (   1,    1) (   1,    1) (   1,    0) (   1,    2) (   1,    2) (   1,    0)
          (   1,    0) (   1,    2) (   1,    2) (   1,    0) (   1,    1) (   1,    1) (   1,    0) (   1,    1) (   1,    1) (   1,    1)
          (   1,    1) (   1,    0) (   1,    2) (   1,    2) (   1,    1) (   1,    1) (   1,    1) (   1,    1) (   1,    2) (   1,    0)
          (   1,    2) (   1,    1) (   1,    0) (   1,    1) (   1,    1) (   1,    0) (   1,    0) (   1,    0) (   1,    0) (   1,    2)
          (   1,    1) (   1,    0) (   1,    0) (   1,    0) (   1,    0) (   1,    2) (   1,    1) (   1,    3) (   1,    2) (   1,    1)
         
node   8 sent_total    498  recv_total    482

node   9  (   0,    0) (   0,    0) (   1,    0) (   0,    0) (   1,    1) (   1,    0) (   1,    0) (   1,    1) (   1,    1) (   1,    3)
          (   1,    0) (   1,    1) (   1,    2) (   1,    1) (   1,    1) (   1,    0) (   1,    1) (   1,    1) (   1,    1) (   1,    2)
          (   1,    1) (   1,    3) (   1,    0) (   1,    1) (   1,    2) (   1,    0) (   1,    0) (   1,    3) (   1,    1) (   1,    2)
          (   1,    0) (   1,    2) (   1,    0) (   1,    0) (   1,    3) (   1,    0) (   1,    0) (   1,    3) (   1,    0) (   1,    1)
          (   1,    0) (   1,    0) (   1,    0) (   1,    3) (   1,    2) (   1,    1) (   1,    1) (   1,    1) (   1,    2) (   1,    2)
          (   1,    1) (   1,    1) (   1,    2) (   1,    0) (   1,    0) (   1,    1) (   1,    1) (   1,    1) (   1,    2) (   1,    2)
          (   1,    0) (   1,    1) (   1,    1) (   1,    0) (   1,    1) (   1,    1) (   1,    1) (   1,    0) (   1,    0) (   1,    2)
          (   1,    1) (   1,    0) (   1,    0) (   1,    0) (   1,    2) (   1,    2) (   1,    2) (   1,    3) (   1,    0) (   1,    1)
          (   1,    0) (   1,    2) (   1,    1) (   1,    1) (   1,    1) (   1,    0) (   1,    1) (   1,    0) (   1,    1) (   1,    2)
          (   1,    2) (   1,    3) (   1,    0) (   1,    0) (   1,    1) (   1,    3) (   1,    2) (   1,    0) (   1,    2) (   1,    1)
          (   1,    1) (   1,    2) (   1,    0) (   1,    0) (   1,    2) (   1,    1) (   1,    1) (   1,    2) (   1,    1) (   1,    0)
          (   1,    0) (   1,    2) (   1,    1) (   1,    0) (   1,    0) (   1,    1) (   1,    0) (   1,    1) (   1,    1) (   1,    2)
          (   1,    1) (   1,    0) (   1,    1) (   1,    2) (   1,    1) (   1,    1) (   1,    2) (   1,    4) (   1,    1) (   1,    2)
          (   1,    1) (   1,    1) (   1,    0) (   1,    2) (   1,    0) (   1,    1) (   1,    1) (   1,    1) (   1,    3) (   1,    1)
          (   1,    0) (   1,    1) (   1,    1) (   1,    0) (   1,    2) (   1,    1) (   1,    1) (   1,    2) (   1,    1) (   1,    0)
          (   1,    1) (   1,    2) (   1,    0) (   1,    1) (   1,    0) (   1,    1) (   1,    0) (   1,    3) (   1,    2) (   1,    1)
          (   1,    1) (   1,    0) (   1,    2) (   1,    2) (   1,    2) (   1,    2) (   1,    0) (   1,    0) (   1,    0) (   1,    1)
          (   1,    0) (   1,    1) (   1,    1) (   1,    2) (   1,    0) (   1,    1) (   1,    2) (   1,    1) (   1,    1) (   1,    1)
          (   1,    2) (   1,    0) (   1,    1) (   1,    1) (   1,    1) (   1,    1) (   1,    0) (   1,    1) (   1,    1) (   1,    0)
          (   1,    2) (   1,    3) (   1,    0) (   1,    0) (   1,    1) (   1,    1) (   1,    0) (   1,    1) (   1,    0) (   1,    0)
          (   1,    0) (   1,    0) (   1,    1) (   1,    3) (   1,    0) (   1,    1) (   1,    1) (   1,    1) (   1,    2) (   1,    1)
          (   1,    1) (   1,    1) (   1,    1) (   1,    0) (   1,    1) (   1,    1) (   1,    1) (   1,    1) (   1,    2) (   1,    0)
          (   1,    1) (   1,    0) (   1,    1) (   1,    0) (   1,    1) (   1,    3) (   1,    2) (   1,    0) (   1,    1) (   1,    1)
          (   1,    1) (   1,    0) (   1,    0) (   1,    1) (   1,    1) (   1,    0) (   1,    1) (   1,    0) (   1,    2) (   1,    2)
          (   1,    0) (   1,    0) (   1,    2) (   1,    0) (   1,    0) (   1,    0) (   1,    1) (   1,    2) (   1,    0) (   1,    1)
          (   1,    2) (   1,    1) (   1,    2) (   1,    2) (   1,    2) (   1,    2) (   1,    0) (   1,    2) (   1,    0) (   1,    1)
          (   1,    1) (   1,    0) (   1,    0) (   1,    0) (   1,    1) (   1,    0) (   1,    1) (   1,    3) (   1,    2) (   1,    1)
          (   1,    0) (   1,    2) (   1,    0) (   1,    0) (   1,    2) (   1,    0) (   1,    1) (   1,    1) (   1,    0) (   1,    1)
          (   1,    2) (   1,    0) (   1,    0) (   1,    0) (   1,    1) (   1,    1) (   1,    0) (   1,    1) (   1,    1) (   1,    2)
          (   1,    3) (   1,    1) (   1,    0) (   1,    2) (   1,    1) (   1,    0) (   1,    1) (   1,    1) (   1,    0) (   1,    0)
          (   1,    1) (   1,    4) (   1,    2) (   1,    2) (   1,    1) (   1,    0) (   1,    0) (   1,    2) (   1,    1) (   1,    1)
          (   1,    1) (   1,    0) (   1,    1) (   1,    1) (   1,    0) (   1,    1) (   1,    0) (   1,    0) (   1,    2) (   1,    2)
          (   1,    1) (   1,    1) (   1,    1) (   1,    3) (   1,    0) (   1,    0) (   1,    2) (   1,    1) (   1,    1) (   1,    2)
          (   1,    0) (   1,    1) (   1,    1) (   1,    3) (   1,    1) (   1,    1) (   1,    0) (   1,    3) (   1,    1) (   1,    2)
          (   1,    3) (   1,    1) (   1,    2) (   1,    1) (   1,    1) (   1,    3) (   1,    1) (   1,    2) (   1,    0) (   1,    0)
          (   1,    3) (   1,    0) (   1,    0) (   1,    1) (   1,    1) (   1,    0) (   1,    1) (   1,    1) (   1,    2) (   1,    2)
          (   1,    2) (   1,    2) (   1,    1) (   1,    1) (   1,    1) (   1,    0) (   1,    0) (   1,    1) (   1,    2) (   1,    0)
          (   1,    2) (   1,    1) (   1,    2) (   1,    2) (   1,    2) (   1,    1) (   1,    4) (   1,    0) (   1,    2) (   1,    3)
          (   1,    0) (   1,    0) (   1,    2) (   1,    3) (   1,    2) (   1,    0) (   1,    1) (   1,    1) (   1,    1) (   1,    4)
          (   1,    1) (   1,    2) (   1,    2) (   1,    0) (   1,    2) (   1,    1) (   1,    2) (   1,    3) (   1,    2) (   1,    1)
          (   1,    1) (   1,    0) (   1,    1) (   1,    0) (   1,    2) (   1,    1) (   1,    1) (   1,    1) (   1,    3) (   1,    1)
          (   1,    0) (   1,    2) (   1,    0) (   1,    2) (   1,    1) (   1,    0) (   1,    1) (   1,    0) (   1,    0) (   1,    0)
          (   1,    1) (   1,    0) (   1,    2) (   1,    0) (   1,    1) (   1,    0) (   1,    2) (   1,    1) (   1,    0) (   1,    3)
          (   1,    1) (   1,    0) (   1,    1) (   1,    1) (   1,    0) (   1,    1) (   1,    2) (   1,    4) (   1,    0) (   1,    1)
          (   1,    2) (   1,    0) (   1,    1) (   1,    0) (   1,    2) (   1,    1) (   1,    1) (   1,    1) (   1,    2) (   1,    2)
          (   1,    1) (   1,    1) (   1,    0) (   1,    1) (   1,    1) (   1,    0) (   1,    0) (   1,    0) (   1,    0) (   1,    1)
          (   1,    1) (   1,    1) (   1,    2) (   1,    1) (   1,    2) (   1,    1) (   1,    1) (   1,    0) (   1,    1) (   1,    0)
          (   1,    0) (   1,    2) (   1,    0) (   1,    1) (   1,    1) (   1,    1) (   1,    0) (   1,    1) (   1,    0) (   1,    1)
          (   1,    0) (   1,    2) (   1,    2) (   1,    1) (   1,    0) (   1,    1) (   1,    0) (   1,    3) (   1,    1) (   1,    2)
          (   1,    1) (   1,    2) (   1,    2) (   1,    1) (   1,    1) (   1,    0) (   1,    1) (   1,    0) (   1,    1) (   1,    0)
         
node   9 sent_total    497  recv_total    516

node  10  (   0,    0) (   0,    0) (   1,    0) (   0,    0) (   1,    2) (   1,    0) (   1,    0) (   1,    1) (   1,    1) (   1,    0)
          (   1,    0) (   1,    0) (   1,    0) (   1,    2) (   1,    2) (   1,    1) (   1,    5) (   1,    1) (   1,    2) (   1,    0)
          (   1,    1) (   1,    1) (   1,    1) (   1,    1) (   1,    0) (   1,    1) (   1,    0) (   1,    2) (   1,    1) (   1,    1)
          (   1,    3) (   1,    0) (   1,    1) (   1,    1) (   1,    1) (   1,    0) (   1,    1) (   1,    0) (   1,    0) (   1,    2)
          (   1,    1) (   1,    1) (   1,    2) (   1,    0) (   1,    0) (   1,    1) (   1,    0) (   1,    2) (   1,    1) (   1,    1)
          (   1,    0) (   1,    0) (   1,    1) (   1,    0) (   1,    0) (   1,    2) (   1,    0) (   1,    1) (   1,    1) (   1,    0)
          (   1,    1) (   1,    2) (   1,    1) (   1,    2) (   1,    1) (   1,    1) (   1,    0) (   1,    1) (   1,    3) (   1,    0)
          (   1,    3) (   1,    2) (   1,    2) (   1,    1) (   1,    0) (   1,    1) (   1,    1) (   1,    2) (   1,    1) (   1,    2)
          (   1,    2) (   1,    2) (   1,    2) (   1,    2) (   1,    2) (   1,    1) (   1,    0) (   1,    1) (   1,    1) (   1,    0)
          (   1,    0) (   1,    0) (   1,    0) (   1,    1) (   1,    0) (   1,    1) (   1,    1) (   1,    1) (   1,    0) (   1,    1)
          (   1,    0) (   1,    1) (   1,    1) (   1,    0) (   1,    2) (   1,    2) (   1,    1) (   1,    1) (   1,    1) (   1,    0)
          (   1,    2) (   1,    0) (   1,    3) (   1,    2) (   1,    0) (   1,    2) (   1,    1) (   1,    0) (   1,    1) (   1,    3)
          (   1,    1) (   1,    2) (   1,    0) (   1,    3) (   1,    0) (   1,    0) (   1,    0) (   1,    0) (   1,    0) (   1,    0)
          (   1,    0) (   1,    1) (   1,    2) (   1,    2) (   1,    0) (   1,    2) (   1,    1) (   1,    0) (   1,    1) (   1,    1)
          (   1,    2) (   1,    1) (   1,    0) (   1,    2) (   1,    0) (   1,    2) (   1,    0) (   1,    0) (   1,    2) (   1,    1)
          (   1,    0) (   1,    0) (   1,    0) (   1,    1) (   1,    1) (   1,    0) (   1,    1) (   1,    0) (   1,    1) (   1,    2)
          (   1,    4) (   1,    0) (   1,    0) (   1,    1) (   1,    3) (   1,    1) (   1,    1) (   1,    3) (   1,    3) (   1,    0)
          (   1,    2) (   1,    0) (   1,    2) (   1,    1) (   1,    3) (   1,    1) (   1,    2) (   1,    0) (   1,    2) (   1,    0)
          (   1,    1) (   1,    0) (   1,    0) (   1,    2) (   1,    2) (   1,    1) (   1,    1) (   1,    1) (   1,    2) (   1,    5)
          (   1,    0) (   1,    0) (   1,    1) (   1,    2) (   1,    0) (   1,    1) (   1,    2) (   1,    0) (   1,    1) (   1,    0)
          (   1,    0) (   1,    0) (   1,    1) (   1,    1) (   1,    2) (   1,    1) (   1,    3) (   1,    1) (   1,    2) (   1,    2)
          (   1,    0) (   1,    1) (   1,    0) (   1,    2) (   1,    2) (   1,    1) (   1,    0) (   1,    1) (   1,    1) (   1,    1)
          (   1,    0) (   1,    0) (   1,    1) (   1,    4) (   1,    0) (   1,    2) (   1,    0) (   1,    0) (   1,    1) (   1,    3)
          (   1,    1) (   1,    2) (   1,    1) (   1,    3) (   1,    0) (   1,    1) (   1,    0) (   1,    2) (   1,    0) (   1,    1)
          (   1,    2) (   1,    1) (   1,    0) (   1,    1) (   1,    0) (   1,    1) (   1,    2) (   1,    2) (   1,    0) (   1,    0)
          (   1,    2) (   1,    2) (   1,    0) (   1,    1) (   1,    0) (   1,    1) (   1,    1) (   1,    1) (   1,    1) (   1,    2)
          (   1,    1) (   1,    1) (   1,    2) (   1,    2) (   1,    2) (   1,    0) (   1,    2) (   1,    2) (   1,    0) (   1,    0)
          (   1,    1) (   1,    1) (   1,    1) (   1,    1) (   1,    1) (   1,    1) (   1,    0) (   1,    0) (   1,    2) (   1,    2)
          (   1,    1) (   1,    0) (   1,    1) (   1,    1) (   1,    1) (   1,    2) (   1,    0) (   1,    2) (   1,    2) (   1,    1)
          (   1,    3) (   1,    1) (   1,    0) (   1,    1) (   1,    1) (   1,    2) (   1,    1) (   1,    0) (   1,    2) (   1,    0)
          (   1,    2) (   1,    0) (   1,    1) (   1,    1) (   1,    3) (   1,    2) (   1,    0) (   1,    2) (   1,    0) (   1,    1)
          (   1,    4) (   1,    1) (   1,    1) (   1,    4) (   1,    2) (   1,    0) (   1,    0) (   1,    1) (   1,    1) (   1,    0)
          (   1,    0) (   1,    4) (   1,    1) (   1,    2) (   1,    1) (   1,    2) (   1,    0) (   1,    2) (   1,    2) (   1,    1)
          (   1,    0) (   1,    1) (   1,    1) (   1,    0) (   1,    4) (   1,    1) (   1,    2) (   1,    3) (   1,    1) (   1,    0)
          (   1,    0) (   1,    1) (   1,    0) (   1,    2) (   1,    0) (   1,    0) (   1,    4) (   1,    1) (   1,    1) (   1,    0)
          (   1,    1) (   1,    1) (   1,    0) (   1,    0) (   1,    1) (   1,    1) (   1,    1) (   1,    1) (   1,    0) (   1,    3)
          (   1,    1) (   1,    0) (   1,    0) (   1,    1) (   1,    1) (   1,    1) (   1,    1) (   1,    1) (   1,    0) (   1,    1)
          (   1,    0) (   1,    1) (   1,    0) (   1,    0) (   1,    1) (   1,    0) (   1,    0) (   1,    2) (   1,    0) (   1,    1)
          (   1,    1) (   1,    0) (   1,    1) (   1,    0) (   1,    1) (   1,    2) (   1,    1) (   1,    1) (   1,    1) (   1,    0)
          (   1,    1) (   1,    2) (   1,    0) (   1,    2) (   1,    3) (   1,    1) (   1,    1) (   1,    1) (   1,    1) (   1,    2)
          (   1,    1) (   1,    1) (   1,    1) (   1,    0) (   1,    1) (   1,    2) (   1,    0) (   1,    0) (   1,    1) (   1,    2)
          (   1,    2) (   1,    2) (   1,    1) (   1,    1) (   1,    1) (   1,    0) (   1,    2) (   1,    1) (   1,    2) (   1,    0)
          (   1,    1) (   1,    1) (   1,    2) (   1,    2) (   1,    0) (   1,    1) (   1,    1) (   1,    1) (   1,    1) (   1,    0)
          (   1,    1) (   1,    2) (   1,    1) (   1,    1) (   1,    1) (   1,    0) (   1,    1) (   1,    0) (   1,    0) (   1,    0)
          (   1,    1) (   1,    1) (   1,    1) (   1,    1) (   1,    2) (   1,    0) (   1,    0) (   1,    1) (   1,    0) (   1,    2)
          (   1,    0) (   1,    1) (   1,    2) (   1,    2) (   1,    1) (   1,    1) (   1,    0) (   1,    0) (   1,    1) (   1,    3)
          (   1,    3) (   1,    0) (   1,    1) (   1,    0) (   1,    1) (   1,    1) (   1,    1) (   1,    0) (   1,    0) (   1,    2)
          (   1,    0) (   1,    1) (   1,    0) (   1,    1) (   1,    1) (   1,    1) (   1,    1) (   1,    0) (   1,    0) (   1,    1)
          (   1,    0) (   1,    0) (   1,    1) (   1,    0) (   1,    2) (   1,    0) (   1,    0) (   1,    0) (   1,    0) (   1,    2)
          (   1,    1) (   1,    0) (   1,    1) (   1,    3) (   1,    1) (   1,    0) (   1,    0) (   1,    1) (   1,    1) (   1,    0)
         
node  10 sent_total    497  recv_total    500

